AntiVirusProxanh2/proguard/seeds.txt
com.security.virusscanner.antivirus.DoneActivity
com.security.virusscanner.antivirus.DoneActivity: DoneActivity()
com.security.virusscanner.antivirus.MainActivity
com.security.virusscanner.antivirus.MainActivity: MainActivity()
com.security.virusscanner.antivirus.R
com.security.virusscanner.antivirus.R$anim
com.security.virusscanner.antivirus.R$anim: int abc_fade_in
com.security.virusscanner.antivirus.R$anim: int abc_fade_out
com.security.virusscanner.antivirus.R$anim: int abc_grow_fade_in_from_bottom
com.security.virusscanner.antivirus.R$anim: int abc_popup_enter
com.security.virusscanner.antivirus.R$anim: int abc_popup_exit
com.security.virusscanner.antivirus.R$anim: int abc_shrink_fade_out_from_bottom
com.security.virusscanner.antivirus.R$anim: int abc_slide_in_bottom
com.security.virusscanner.antivirus.R$anim: int abc_slide_in_top
com.security.virusscanner.antivirus.R$anim: int abc_slide_out_bottom
com.security.virusscanner.antivirus.R$anim: int abc_slide_out_top
com.security.virusscanner.antivirus.R$anim: int design_fab_in
com.security.virusscanner.antivirus.R$anim: int design_fab_out
com.security.virusscanner.antivirus.R$anim: int design_snackbar_in
com.security.virusscanner.antivirus.R$anim: int design_snackbar_out
com.security.virusscanner.antivirus.R$anim: int fade_out
com.security.virusscanner.antivirus.R$anim: int grom_from_midle
com.security.virusscanner.antivirus.R$anim: int pull_in_left
com.security.virusscanner.antivirus.R$anim: int pull_in_right
com.security.virusscanner.antivirus.R$anim: int pulse
com.security.virusscanner.antivirus.R$anim: int pulse1
com.security.virusscanner.antivirus.R$anim: int pulse2
com.security.virusscanner.antivirus.R$anim: int push_out_left
com.security.virusscanner.antivirus.R$attr
com.security.virusscanner.antivirus.R$attr: int actionBarDivider
com.security.virusscanner.antivirus.R$attr: int actionBarItemBackground
com.security.virusscanner.antivirus.R$attr: int actionBarPopupTheme
com.security.virusscanner.antivirus.R$attr: int actionBarSize
com.security.virusscanner.antivirus.R$attr: int actionBarSplitStyle
com.security.virusscanner.antivirus.R$attr: int actionBarStyle
com.security.virusscanner.antivirus.R$attr: int actionBarTabBarStyle
com.security.virusscanner.antivirus.R$attr: int actionBarTabStyle
com.security.virusscanner.antivirus.R$attr: int actionBarTabTextStyle
com.security.virusscanner.antivirus.R$attr: int actionBarTheme
com.security.virusscanner.antivirus.R$attr: int actionBarWidgetTheme
com.security.virusscanner.antivirus.R$attr: int actionButtonStyle
com.security.virusscanner.antivirus.R$attr: int actionDropDownStyle
com.security.virusscanner.antivirus.R$attr: int actionLayout
com.security.virusscanner.antivirus.R$attr: int actionMenuTextAppearance
com.security.virusscanner.antivirus.R$attr: int actionMenuTextColor
com.security.virusscanner.antivirus.R$attr: int actionModeBackground
com.security.virusscanner.antivirus.R$attr: int actionModeCloseButtonStyle
com.security.virusscanner.antivirus.R$attr: int actionModeCloseDrawable
com.security.virusscanner.antivirus.R$attr: int actionModeCopyDrawable
com.security.virusscanner.antivirus.R$attr: int actionModeCutDrawable
com.security.virusscanner.antivirus.R$bool
com.security.virusscanner.antivirus.R$bool: int abc_action_bar_embed_tabs
com.security.virusscanner.antivirus.R$bool: int abc_action_bar_embed_tabs_pre_jb
com.security.virusscanner.antivirus.R$bool: int abc_action_bar_expanded_action_views_exclusive
com.security.virusscanner.antivirus.R$bool: int abc_allow_stacked_button_bar
com.security.virusscanner.antivirus.R$bool: int abc_config_actionMenuItemAllCaps
com.security.virusscanner.antivirus.R$bool: int abc_config_allowActionMenuItemTextWithIcon
com.security.virusscanner.antivirus.R$bool: int abc_config_closeDialogWhenTouchOutside
com.security.virusscanner.antivirus.R$bool: int abc_config_showMenuShortcutsWhenKeyboardPresent
...
com.google.android.gms.maps.internal.IMapViewDelegate$a
com.google.android.gms.maps.internal.IMapViewDelegate$a: com.google.android.gms.maps.internal.IMapViewDelegate aY(android.os.IBinder)
com.google.android.gms.maps.internal.IMapViewDelegate$a: boolean onTransact(int,android.os.Parcel,android.os.Parcel,int)
com.google.android.gms.maps.internal.IMapViewDelegate$a$a
com.google.android.gms.maps.internal.IMapViewDelegate$a$a: android.os.IBinder le
com.google.android.gms.maps.internal.IMapViewDelegate$a$a: IMapViewDelegate$a$a(android.os.IBinder)
com.google.android.gms.maps.internal.IMapViewDelegate$a$a: android.os.IBinder asBinder()
com.google.android.gms.maps.internal.IMapViewDelegate$a$a: com.google.android.gms.maps.internal.IGoogleMapDelegate getMap()
com.google.android.gms.maps.internal.IMapViewDelegate$a$a: void onCreate(android.os.Bundle)
com.google.android.gms.maps.internal.IMapViewDelegate$a$a: void onResume()
com.google.android.gms.maps.internal.IMapViewDelegate$a$a: void onPause()
com.google.android.gms.maps.internal.IMapViewDelegate$a$a: void onDestroy()
com.google.android.gms.maps.internal.IMapViewDelegate$a$a: void onLowMemory()
com.google.android.gms.maps.internal.IMapViewDelegate$a$a: void onSaveInstanceState(android.os.Bundle)
com.google.android.gms.maps.internal.IMapViewDelegate$a$a: com.google.android.gms.dynamic.d getView()
com.google.android.gms.maps.internal.IMapViewDelegate$a$a: void getMapAsync(com.google.android.gms.maps.internal.m)
com.google.android.gms.maps.internal.IProjectionDelegate
com.google.android.gms.maps.internal.IProjectionDelegate: com.google.android.gms.maps.model.LatLng fromScreenLocation(com.google.android.gms.dynamic.d)
com.google.android.gms.maps.internal.IProjectionDelegate: com.google.android.gms.dynamic.d toScreenLocation(com.google.android.gms.maps.model.LatLng)
com.google.android.gms.maps.internal.IProjectionDelegate: com.google.android.gms.maps.model.VisibleRegion getVisibleRegion()
com.google.android.gms.maps.internal.IProjectionDelegate: com.google.android.gms.maps.model.LatLng fromScreenLocation2(com.google.android.gms.maps.internal.y)
com.google.android.gms.maps.internal.IProjectionDelegate: com.google.android.gms.maps.internal.y toScreenLocation2(com.google.android.gms.maps.model.LatLng)
com.google.android.gms.maps.internal.IProjectionDelegate$a
com.google.android.gms.maps.internal.IProjectionDelegate$a: com.google.android.gms.maps.internal.IProjectionDelegate bp(android.os.IBinder)
com.google.android.gms.maps.internal.IProjectionDelegate$a: boolean onTransact(int,android.os.Parcel,android.os.Parcel,int)
com.google.android.gms.maps.internal.IProjectionDelegate$a$a
com.google.android.gms.maps.internal.IProjectionDelegate$a$a: android.os.IBinder le
com.google.android.gms.maps.internal.IProjectionDelegate$a$a: IProjectionDelegate$a$a(android.os.IBinder)
com.google.android.gms.maps.internal.IProjectionDelegate$a$a: android.os.IBinder asBinder()
com.google.android.gms.maps.internal.IProjectionDelegate$a$a: com.google.android.gms.maps.model.LatLng fromScreenLocation(com.google.android.gms.dynamic.d)
com.google.android.gms.maps.internal.IProjectionDelegate$a$a: com.google.android.gms.dynamic.d toScreenLocation(com.google.android.gms.maps.model.LatLng)
com.google.android.gms.maps.internal.IProjectionDelegate$a$a: com.google.android.gms.maps.model.VisibleRegion getVisibleRegion()
com.google.android.gms.maps.internal.IProjectionDelegate$a$a: com.google.android.gms.maps.model.LatLng fromScreenLocation2(com.google.android.gms.maps.internal.y)
com.google.android.gms.maps.internal.IProjectionDelegate$a$a: com.google.android.gms.maps.internal.y toScreenLocation2(com.google.android.gms.maps.model.LatLng)