AntiVirusProxanh2/proguard/mapping.txt
com.security.virusscanner.antivirus.ContentValueApp -> com.security.virusscanner.antivirus.a:
    java.lang.String AD_UNIT_ID -> a
    java.lang.String AD_UNIT_ID_INTERSTITIAL -> b
com.security.virusscanner.antivirus.DoneActivity -> com.security.virusscanner.antivirus.DoneActivity:
    android.widget.ImageView tick_image -> a
    android.widget.TextView tvCoolAlready -> b
    android.widget.LinearLayout llFinish -> f
    android.widget.TextView tvExit -> g
    android.widget.TextView tvDone -> h
    android.widget.TextView tvScan -> i
    com.security.virusscanner.antivirus.RippleView rippleView1 -> j
    com.security.virusscanner.antivirus.RippleView rippleView2 -> k
    33:210:void onCreate(android.os.Bundle) -> onCreate
    1:1:android.view.View onCreateView(android.view.View,java.lang.String,android.content.Context,android.util.AttributeSet) -> onCreateView
    1:1:android.view.View onCreateView(java.lang.String,android.content.Context,android.util.AttributeSet) -> onCreateView
    28:28:com.security.virusscanner.antivirus.RippleView access$2(com.security.virusscanner.antivirus.DoneActivity) -> a
    29:29:com.security.virusscanner.antivirus.RippleView access$3(com.security.virusscanner.antivirus.DoneActivity) -> b
    22:22:android.widget.ImageView access$4(com.security.virusscanner.antivirus.DoneActivity) -> c
    24:24:android.widget.LinearLayout access$5(com.security.virusscanner.antivirus.DoneActivity) -> d
    23:23:android.widget.TextView access$6(com.security.virusscanner.antivirus.DoneActivity) -> e
    27:27:android.widget.TextView access$7(com.security.virusscanner.antivirus.DoneActivity) -> f
com.security.virusscanner.antivirus.DoneActivity$1 -> com.security.virusscanner.antivirus.DoneActivity$1:
    com.security.virusscanner.antivirus.DoneActivity this$0 -> a
    78:92:void onClick(android.view.View) -> onClick
    74:74:com.security.virusscanner.antivirus.DoneActivity access$0(com.security.virusscanner.antivirus.DoneActivity$1) -> a
com.security.virusscanner.antivirus.DoneActivity$1$1 -> com.security.virusscanner.antivirus.DoneActivity$1$1:
    com.security.virusscanner.antivirus.DoneActivity$1 this$1 -> a
    83:89:void onComplete(com.security.virusscanner.antivirus.RippleView) -> a
com.security.virusscanner.antivirus.DoneActivity$2 -> com.security.virusscanner.antivirus.DoneActivity$2:
    com.security.virusscanner.antivirus.DoneActivity this$0 -> a
    98:107:void onClick(android.view.View) -> onClick
    94:94:com.security.virusscanner.antivirus.DoneActivity access$0(com.security.virusscanner.antivirus.DoneActivity$2) -> a
com.security.virusscanner.antivirus.DoneActivity$2$1 -> com.security.virusscanner.antivirus.DoneActivity$2$1:
    com.security.virusscanner.antivirus.DoneActivity$2 this$1 -> a
    102:104:void onComplete(com.security.virusscanner.antivirus.RippleView) -> a
com.security.virusscanner.antivirus.DoneActivity$3 -> com.security.virusscanner.antivirus.DoneActivity$3:
    com.security.virusscanner.antivirus.DoneActivity this$0 -> a
    115:115:void onAnimationStart(android.view.animation.Animation) -> onAnimationStart
    119:119:void onAnimationRepeat(android.view.animation.Animation) -> onAnimationRepeat
    123:206:void onAnimationEnd(android.view.animation.Animation) -> onAnimationEnd
    111:111:com.security.virusscanner.antivirus.DoneActivity access$0(com.security.virusscanner.antivirus.DoneActivity$3) -> a
com.security.virusscanner.antivirus.DoneActivity$3$1 -> com.security.virusscanner.antivirus.DoneActivity$3$1:
    com.security.virusscanner.antivirus.DoneActivity$3 this$1 -> a
    129:130:void onAnimationStart(android.view.animation.Animation) -> onAnimationStart
    135:135:void onAnimationRepeat(android.view.animation.Animation) -> onAnimationRepeat
    140:140:void onAnimationEnd(android.view.animation.Animation) -> onAnimationEnd
...
com.google.android.gms.internal.ke -> com.google.android.gms.internal.ke:
    com.google.android.gms.common.api.PendingResult c(com.google.android.gms.common.api.GoogleApiClient) -> c
com.google.android.gms.internal.ke$1 -> com.google.android.gms.internal.ke$1:
    com.google.android.gms.internal.ke Nv -> Nv
    void a(com.google.android.gms.internal.kg) -> a
    void a(com.google.android.gms.common.api.Api$a) -> a
com.google.android.gms.internal.ke$a -> com.google.android.gms.internal.ke$a:
    com.google.android.gms.common.api.BaseImplementation$b Ea -> Ea
    void aI(int) -> aI
com.google.android.gms.internal.kf -> com.google.android.gms.internal.kf:
com.google.android.gms.internal.kf$a -> com.google.android.gms.internal.kf$a:
    com.google.android.gms.common.api.Status b(com.google.android.gms.common.api.Status) -> b
    com.google.android.gms.common.api.Result c(com.google.android.gms.common.api.Status) -> c
com.google.android.gms.internal.kg -> com.google.android.gms.internal.kg:
    com.google.android.gms.internal.ki T(android.os.IBinder) -> T
    java.lang.String bK() -> bK
    java.lang.String bL() -> bL
    void a(com.google.android.gms.internal.jt,com.google.android.gms.internal.jl$e) -> a
    android.os.IInterface l(android.os.IBinder) -> l
com.google.android.gms.internal.kh -> com.google.android.gms.internal.kh:
    void aI(int) -> aI
com.google.android.gms.internal.kh$a -> com.google.android.gms.internal.kh$a:
    com.google.android.gms.internal.kh U(android.os.IBinder) -> U
    android.os.IBinder asBinder() -> asBinder
    boolean onTransact(int,android.os.Parcel,android.os.Parcel,int) -> onTransact
com.google.android.gms.internal.kh$a$a -> com.google.android.gms.internal.kh$a$a:
    android.os.IBinder le -> le
    android.os.IBinder asBinder() -> asBinder
    void aI(int) -> aI
com.google.android.gms.internal.ki -> com.google.android.gms.internal.ki:
    void a(com.google.android.gms.internal.kh) -> a
com.google.android.gms.internal.ki$a -> com.google.android.gms.internal.ki$a:
    com.google.android.gms.internal.ki V(android.os.IBinder) -> V
    boolean onTransact(int,android.os.Parcel,android.os.Parcel,int) -> onTransact
com.google.android.gms.internal.ki$a$a -> com.google.android.gms.internal.ki$a$a:
    android.os.IBinder le -> le
    android.os.IBinder asBinder() -> asBinder
    void a(com.google.android.gms.internal.kh) -> a
com.google.android.gms.internal.kj -> com.google.android.gms.internal.kj:
    java.util.LinkedHashMap Nw -> Nw
    int size -> size
    int Nx -> Nx
    int Ny -> Ny
    int Nz -> Nz
    int NA -> NA
    int NB -> NB
    int NC -> NC
    java.lang.Object get(java.lang.Object) -> get
    java.lang.Object put(java.lang.Object,java.lang.Object) -> put
    void trimToSize(int) -> trimToSize
    void entryRemoved(boolean,java.lang.Object,java.lang.Object,java.lang.Object) -> entryRemoved
    java.lang.Object create(java.lang.Object) -> create
    int c(java.lang.Object,java.lang.Object) -> c
    int sizeOf(java.lang.Object,java.lang.Object) -> sizeOf
    void evictAll() -> evictAll
    int size() -> size
    java.lang.String toString() -> toString
com.google.android.gms.internal.kk -> com.google.android.gms.internal.kk:
    com.google.android.gms.internal.kl CREATOR -> CREATOR
    int CK -> CK
    java.lang.String ND -> ND
    int NE -> NE
    void writeToParcel(android.os.Parcel,int) -> writeToParcel
    int describeContents() -> describeContents
com.google.android.gms.internal.kl -> com.google.android.gms.internal.kl:
    com.google.android.gms.internal.kk I(android.os.Parcel) -> I
    com.google.android.gms.internal.kk[] aJ(int) -> aJ
    void a(com.google.android.gms.internal.kk,android.os.Parcel,int) -> a
    java.lang.Object[] newArray(int) -> newArray
    java.lang.Object createFromParcel(android.os.Parcel) -> createFromParcel