AntiVirusProxanh2/proguard/usage.txt
com.security.virusscanner.antivirus.BuildConfig
com.security.virusscanner.antivirus.ContentValueApp:
    3:3:public ContentValueApp()
com.security.virusscanner.antivirus.MainActivity:
    private static final java.lang.String PREFS_NAME
com.security.virusscanner.antivirus.RippleView:
    217:218:public void animateRipple(float,float)
    337:337:public java.lang.Boolean isCentered()
    367:367:public java.lang.Boolean isZooming()
com.security.virusscanner.antivirus.free.AntiVirusStat
com.security.virusscanner.antivirus.free.App:
    66:66:public int getVersionCode()
com.security.virusscanner.antivirus.free.AppDetail:
    28:29:public void setTitle(java.lang.String)
    36:37:public void setPackageName(java.lang.String)
    44:45:public void setVersionName(java.lang.String)
    52:53:public void setVersionCode(int)
    56:56:public java.lang.String getDescription()
    60:61:public void setDescription(java.lang.String)
    68:69:public void setInstallDir(java.lang.String)
    72:72:public java.lang.String getInstallSize()
    76:77:public void setInstallSize(java.lang.String)
com.security.virusscanner.antivirus.free.ByteSearch:
    13:17:public ByteSearch(java.lang.String)
    25:29:public ByteSearch(byte[],int,int)
    48:56:private final void genPatternFromCharArray(char[])
    100:100:public int getPatternLength()
com.security.virusscanner.antivirus.free.ConnectType
com.security.virusscanner.antivirus.free.CusStruct:
    14:15:public void setS(byte[])
    18:19:public void setVid(int)
com.security.virusscanner.antivirus.free.CustomBuilder
com.security.virusscanner.antivirus.free.DataHelper:
    162:169:public java.lang.String[] getDatInfo()
com.security.virusscanner.antivirus.free.DataLite:
    private static final java.lang.String DATABASE_NAME
    private static final java.lang.String TABLE_1
    private static final java.lang.String TABLE_2
    private static final java.lang.String TABLE_3
    private static final java.lang.String TABLE_4
    private static final java.lang.String TABLE_5
    private static final java.lang.String KEY_ID
    private static final java.lang.String KEY_TITLE
    private static final java.lang.String KEY_PACKAGE
    private static final java.lang.String KEY_VERSION
    private static final java.lang.String KEY_VERSION_CODE
    private static final java.lang.String KEY_SRC
    private static final java.lang.String KEY_SIZE
    private static final java.lang.String KEY_COMMENT
    private static final java.lang.String KEY_INFECTIONS
    private static final java.lang.String KEY_APPS
    private static final java.lang.String KEY_FILES
    private static final java.lang.String KEY_DELETIONS
    private static final java.lang.String KEY_DURATION
    private static final java.lang.String KEY_TIME
    private static final java.lang.String KEY_TOTAL_INFECTIONS
    private static final java.lang.String KEY_TOTAL_FILES
    private static final java.lang.String KEY_TOTAL_DELETIONS
    private static final java.lang.String KEY_UPDATE_DATE
    155:171:public void emptyTable()
    241:257:public java.lang.String getLastSafeApp()
    277:299:public void updateStat(int,int)
com.security.virusscanner.antivirus.free.Envi:
    18:18:public Envi()
com.security.virusscanner.antivirus.free.FSEnvi:
    7:7:public FSEnvi()
com.security.virusscanner.antivirus.free.InputFunction:
    9:9:public InputFunction()
com.security.virusscanner.antivirus.free.LGD:
    59:62:public void rel()
com.security.virusscanner.antivirus.free.LGDScan:
    30:30:public int getInfections()
    34:34:public int getDeletions()
    38:38:public java.lang.String getDuration()
    42:42:public java.lang.String getWhen()
com.security.virusscanner.antivirus.free.TransferObj:
    52:53:public void setIconView(android.widget.ImageView)
com.security.virusscanner.antivirus.free.UpMani:
    3:3:public UpMani()
...
android.support.v4.content.pm.ActivityInfoCompat
android.support.v4.content.res.ResourcesCompat
android.support.v4.content.res.ResourcesCompatApi21
android.support.v4.content.res.ResourcesCompatApi23
android.support.v4.content.res.ResourcesCompatIcsMr1
android.support.v4.content.res.TypedArrayUtils
android.support.v4.database.DatabaseUtilsCompat
android.support.v4.graphics.BitmapCompat
android.support.v4.graphics.BitmapCompat$BaseBitmapImpl
android.support.v4.graphics.BitmapCompat$BitmapImpl
android.support.v4.graphics.BitmapCompat$HcMr1BitmapCompatImpl
android.support.v4.graphics.BitmapCompat$JbMr2BitmapCompatImpl
android.support.v4.graphics.BitmapCompat$KitKatBitmapCompatImpl
android.support.v4.graphics.BitmapCompatHoneycombMr1
android.support.v4.graphics.BitmapCompatJellybeanMR2
android.support.v4.graphics.BitmapCompatKitKat
android.support.v4.graphics.ColorUtils:
    private static final int MIN_ALPHA_SEARCH_MAX_ITERATIONS
    private static final int MIN_ALPHA_SEARCH_PRECISION
    33:33:private ColorUtils()
    71:80:public static double calculateLuminance(int)
    91:104:public static double calculateContrast(int,int)
    119:154:public static int calculateMinimumAlpha(int,int,float)
    173:207:public static void RGBToHSL(int,int,int,float[])
    221:222:public static void colorToHSL(int,float[])
    238:288:public static int HSLToColor(float[])
    304:304:private static float constrain(float,float,float)
    308:308:private static int constrain(int,int,int)
android.support.v4.graphics.drawable.DrawableCompat:
    28:198:public DrawableCompat()
android.support.v4.graphics.drawable.DrawableCompatApi22:
    24:24:DrawableCompatApi22()
android.support.v4.graphics.drawable.DrawableCompatApi23:
    24:24:DrawableCompatApi23()
android.support.v4.graphics.drawable.DrawableCompatBase:
    26:26:DrawableCompatBase()
android.support.v4.graphics.drawable.DrawableCompatHoneycomb:
    26:26:DrawableCompatHoneycomb()
android.support.v4.graphics.drawable.DrawableCompatJellybeanMr1:
    private static final java.lang.String TAG
    30:30:DrawableCompatJellybeanMr1()
android.support.v4.graphics.drawable.DrawableCompatKitKat:
    26:26:DrawableCompatKitKat()
android.support.v4.graphics.drawable.DrawableCompatLollipop:
    28:28:DrawableCompatLollipop()
android.support.v4.graphics.drawable.RoundedBitmapDrawable
android.support.v4.graphics.drawable.RoundedBitmapDrawable21
android.support.v4.graphics.drawable.RoundedBitmapDrawableFactory
android.support.v4.graphics.drawable.RoundedBitmapDrawableFactory$DefaultRoundedBitmapDrawable
android.support.v4.hardware.display.DisplayManagerCompat
android.support.v4.hardware.display.DisplayManagerCompat$JellybeanMr1Impl
android.support.v4.hardware.display.DisplayManagerCompat$LegacyImpl
android.support.v4.hardware.display.DisplayManagerJellybeanMr1
android.support.v4.hardware.fingerprint.FingerprintManagerCompat
android.support.v4.hardware.fingerprint.FingerprintManagerCompat$Api23FingerprintManagerCompatImpl
android.support.v4.hardware.fingerprint.FingerprintManagerCompat$Api23FingerprintManagerCompatImpl$1
android.support.v4.hardware.fingerprint.FingerprintManagerCompat$AuthenticationCallback
android.support.v4.hardware.fingerprint.FingerprintManagerCompat$AuthenticationResult
android.support.v4.hardware.fingerprint.FingerprintManagerCompat$CryptoObject
android.support.v4.hardware.fingerprint.FingerprintManagerCompat$FingerprintManagerCompatImpl
android.support.v4.hardware.fingerprint.FingerprintManagerCompat$LegacyFingerprintManagerCompatImpl
android.support.v4.hardware.fingerprint.FingerprintManagerCompatApi23
android.support.v4.hardware.fingerprint.FingerprintManagerCompatApi23$1
android.support.v4.hardware.fingerprint.FingerprintManagerCompatApi23$AuthenticationCallback
android.support.v4.hardware.fingerprint.FingerprintManagerCompatApi23$AuthenticationResultInternal
android.support.v4.hardware.fingerprint.FingerprintManagerCompatApi23$CryptoObject